********************
ANTRAN LOG FILE

Date: 2024-06-23 15:52:32 PM
cdb input file: C:\Users\91982\AppData\Local\Temp\WB_91982_32380_2\wbnew_files\dp0\SYS\MECH\antran_input.cdb
NASTRAN output file: C:\Users\91982\Desktop\Moksha\eBAJA 2024\Suspension Lower H Arm Analysis\A5_Static Structural.bdf

********************

Analyis Type = linear_static
Read Element and Keyopts Complete (0.03s)
Read Reals (unblocked) Complete (0.01s)
Read Materials Complete (0.04s)
Read CSs Complete (0.01s)
Read nodal components Complete (0.01s)
Read Nodes Complete (0.06s)
Read Elements Complete (0.08s)
Read Sections Complete (0.01s)
Read CPs Complete (0.00s)
Read Surface Based Constraints (SBCs) Complete (0.03s)
Read Joints (CDB) Complete (0.01s)
Read NSM complete (0.03s)
Current solutionlinear_static
Read tables complete
Read BC: DOFs complete (0.03s)
Read BC: Force complete (0.00s)
Read BC: Acel complete (0.02s)
Read BF and BFBLOCK (TEMP) complete (0.00s)
Read BFE and BFEBLOCK (TEMP, Shell) complete (0.00s)
Ignore imaginary SFE
Ignore imaginary SFE
Ignore imaginary SFE
Ignore imaginary SFE
Ignore imaginary SFE
Ignore imaginary SFE
Ignore imaginary SFE
Ignore imaginary SFE
Ignore imaginary SFE
Ignore imaginary SFE
Ignore imaginary SFE
Ignore imaginary SFE
Ignore imaginary SFE
Ignore imaginary SFE
Ignore imaginary SFE
Ignore imaginary SFE
Ignore imaginary SFE
Ignore imaginary SFE
Ignore imaginary SFE
Ignore imaginary SFE
Ignore imaginary SFE
Ignore imaginary SFE
Ignore imaginary SFE
Ignore imaginary SFE
Ignore imaginary SFE
Ignore imaginary SFE
Ignore imaginary SFE
Ignore imaginary SFE
Ignore imaginary SFE
Ignore imaginary SFE
Ignore imaginary SFE
Ignore imaginary SFE
Ignore imaginary SFE
Ignore imaginary SFE
Ignore imaginary SFE
Ignore imaginary SFE
Ignore imaginary SFE
Ignore imaginary SFE
Ignore imaginary SFE
Ignore imaginary SFE
Ignore imaginary SFE
Ignore imaginary SFE
Ignore imaginary SFE
Ignore imaginary SFE
Ignore imaginary SFE
Ignore imaginary SFE
Ignore imaginary SFE
Ignore imaginary SFE
Ignore imaginary SFE
Ignore imaginary SFE
Ignore imaginary SFE
Ignore imaginary SFE
Ignore imaginary SFE
Ignore imaginary SFE
Ignore imaginary SFE
Ignore imaginary SFE
Ignore imaginary SFE
Ignore imaginary SFE
Ignore imaginary SFE
Ignore imaginary SFE
Ignore imaginary SFE
Ignore imaginary SFE
Ignore imaginary SFE
Ignore imaginary SFE
Ignore imaginary SFE
Ignore imaginary SFE
Ignore imaginary SFE
Ignore imaginary SFE
Ignore imaginary SFE
Ignore imaginary SFE
Ignore imaginary SFE
Ignore imaginary SFE
Ignore imaginary SFE
Ignore imaginary SFE
Ignore imaginary SFE
Ignore imaginary SFE
Ignore imaginary SFE
Ignore imaginary SFE
Ignore imaginary SFE
Ignore imaginary SFE
Ignore imaginary SFE
Ignore imaginary SFE
Ignore imaginary SFE
Ignore imaginary SFE
Ignore imaginary SFE
Ignore imaginary SFE
Ignore imaginary SFE
Ignore imaginary SFE
Ignore imaginary SFE
Ignore imaginary SFE
Ignore imaginary SFE
Ignore imaginary SFE
Ignore imaginary SFE
Ignore imaginary SFE
Ignore imaginary SFE
Ignore imaginary SFE
Ignore imaginary SFE
Ignore imaginary SFE
Ignore imaginary SFE
Ignore imaginary SFE
Ignore imaginary SFE
Ignore imaginary SFE
Ignore imaginary SFE
Ignore imaginary SFE
Ignore imaginary SFE
Ignore imaginary SFE
Ignore imaginary SFE
Ignore imaginary SFE
Ignore imaginary SFE
Ignore imaginary SFE
Ignore imaginary SFE
Ignore imaginary SFE
Ignore imaginary SFE
Ignore imaginary SFE
Ignore imaginary SFE
Ignore imaginary SFE
Ignore imaginary SFE
Ignore imaginary SFE
Ignore imaginary SFE
Ignore imaginary SFE
Ignore imaginary SFE
Ignore imaginary SFE
Ignore imaginary SFE
Ignore imaginary SFE
Ignore imaginary SFE
Ignore imaginary SFE
Ignore imaginary SFE
Ignore imaginary SFE
Ignore imaginary SFE
Ignore imaginary SFE
Ignore imaginary SFE
Ignore imaginary SFE
Ignore imaginary SFE
Ignore imaginary SFE
Ignore imaginary SFE
Ignore imaginary SFE
Ignore imaginary SFE
Ignore imaginary SFE
Ignore imaginary SFE
Ignore imaginary SFE
Ignore imaginary SFE
Ignore imaginary SFE
Ignore imaginary SFE
Ignore imaginary SFE
Ignore imaginary SFE
Ignore imaginary SFE
Ignore imaginary SFE
Ignore imaginary SFE
Ignore imaginary SFE
Ignore imaginary SFE
Ignore imaginary SFE
Ignore imaginary SFE
Ignore imaginary SFE
Ignore imaginary SFE
Ignore imaginary SFE
Ignore imaginary SFE
Ignore imaginary SFE
Ignore imaginary SFE
Ignore imaginary SFE
Ignore imaginary SFE
Ignore imaginary SFE
Ignore imaginary SFE
Ignore imaginary SFE
Ignore imaginary SFE
Ignore imaginary SFE
Ignore imaginary SFE
Ignore imaginary SFE
Ignore imaginary SFE
Ignore imaginary SFE
Ignore imaginary SFE
Ignore imaginary SFE
Ignore imaginary SFE
Ignore imaginary SFE
Ignore imaginary SFE
Ignore imaginary SFE
Ignore imaginary SFE
Ignore imaginary SFE
Ignore imaginary SFE
Ignore imaginary SFE
Ignore imaginary SFE
Ignore imaginary SFE
Ignore imaginary SFE
Ignore imaginary SFE
Ignore imaginary SFE
Ignore imaginary SFE
Ignore imaginary SFE
Ignore imaginary SFE
Ignore imaginary SFE
Ignore imaginary SFE
Ignore imaginary SFE
Ignore imaginary SFE
Ignore imaginary SFE
Ignore imaginary SFE
Ignore imaginary SFE
Ignore imaginary SFE
Ignore imaginary SFE
Ignore imaginary SFE
Ignore imaginary SFE
Ignore imaginary SFE
Ignore imaginary SFE
Ignore imaginary SFE
Ignore imaginary SFE
Ignore imaginary SFE
Ignore imaginary SFE
Ignore imaginary SFE
Ignore imaginary SFE
Ignore imaginary SFE
Ignore imaginary SFE
Ignore imaginary SFE
Ignore imaginary SFE
Ignore imaginary SFE
Ignore imaginary SFE
Ignore imaginary SFE
Ignore imaginary SFE
Ignore imaginary SFE
Ignore imaginary SFE
Ignore imaginary SFE
Ignore imaginary SFE
Ignore imaginary SFE
Ignore imaginary SFE
Ignore imaginary SFE
Ignore imaginary SFE
Ignore imaginary SFE
Ignore imaginary SFE
Ignore imaginary SFE
Ignore imaginary SFE
Ignore imaginary SFE
Ignore imaginary SFE
Ignore imaginary SFE
Ignore imaginary SFE
Ignore imaginary SFE
Ignore imaginary SFE
Ignore imaginary SFE
Ignore imaginary SFE
Ignore imaginary SFE
Ignore imaginary SFE
Ignore imaginary SFE
Ignore imaginary SFE
Ignore imaginary SFE
Ignore imaginary SFE
Ignore imaginary SFE
Ignore imaginary SFE
Ignore imaginary SFE
Ignore imaginary SFE
Ignore imaginary SFE
Ignore imaginary SFE
Ignore imaginary SFE
Ignore imaginary SFE
Ignore imaginary SFE
Ignore imaginary SFE
Ignore imaginary SFE
Ignore imaginary SFE
Ignore imaginary SFE
Ignore imaginary SFE
Ignore imaginary SFE
Ignore imaginary SFE
Ignore imaginary SFE
Ignore imaginary SFE
Ignore imaginary SFE
Ignore imaginary SFE
Ignore imaginary SFE
Ignore imaginary SFE
Ignore imaginary SFE
Ignore imaginary SFE
Ignore imaginary SFE
Ignore imaginary SFE
Ignore imaginary SFE
Ignore imaginary SFE
Ignore imaginary SFE
Ignore imaginary SFE
Ignore imaginary SFE
Ignore imaginary SFE
Ignore imaginary SFE
Ignore imaginary SFE
Ignore imaginary SFE
Ignore imaginary SFE
Ignore imaginary SFE
Ignore imaginary SFE
Ignore imaginary SFE
Ignore imaginary SFE
Ignore imaginary SFE
Ignore imaginary SFE
Ignore imaginary SFE
Ignore imaginary SFE
Ignore imaginary SFE
Ignore imaginary SFE
Ignore imaginary SFE
Ignore imaginary SFE
Ignore imaginary SFE
Ignore imaginary SFE
Ignore imaginary SFE
Ignore imaginary SFE
Ignore imaginary SFE
Ignore imaginary SFE
Ignore imaginary SFE
Ignore imaginary SFE
Ignore imaginary SFE
Ignore imaginary SFE
Ignore imaginary SFE
Ignore imaginary SFE
Ignore imaginary SFE
Ignore imaginary SFE
Ignore imaginary SFE
Ignore imaginary SFE
Ignore imaginary SFE
Ignore imaginary SFE
Ignore imaginary SFE
Ignore imaginary SFE
Ignore imaginary SFE
Ignore imaginary SFE
Ignore imaginary SFE
Ignore imaginary SFE
Ignore imaginary SFE
Ignore imaginary SFE
Ignore imaginary SFE
Ignore imaginary SFE
Ignore imaginary SFE
Ignore imaginary SFE
Ignore imaginary SFE
Ignore imaginary SFE
Ignore imaginary SFE
Ignore imaginary SFE
Ignore imaginary SFE
Ignore imaginary SFE
Ignore imaginary SFE
Ignore imaginary SFE
Ignore imaginary SFE
Ignore imaginary SFE
Ignore imaginary SFE
Ignore imaginary SFE
Ignore imaginary SFE
Ignore imaginary SFE
Ignore imaginary SFE
Ignore imaginary SFE
Ignore imaginary SFE
Ignore imaginary SFE
Ignore imaginary SFE
Ignore imaginary SFE
Ignore imaginary SFE
Ignore imaginary SFE
Ignore imaginary SFE
Ignore imaginary SFE
Ignore imaginary SFE
Ignore imaginary SFE
Ignore imaginary SFE
Ignore imaginary SFE
Ignore imaginary SFE
Ignore imaginary SFE
Ignore imaginary SFE
Ignore imaginary SFE
Ignore imaginary SFE
Ignore imaginary SFE
Ignore imaginary SFE
Ignore imaginary SFE
Ignore imaginary SFE
Ignore imaginary SFE
Ignore imaginary SFE
Ignore imaginary SFE
Ignore imaginary SFE
Ignore imaginary SFE
Ignore imaginary SFE
Ignore imaginary SFE
Ignore imaginary SFE
Ignore imaginary SFE
Ignore imaginary SFE
Ignore imaginary SFE
Ignore imaginary SFE
Ignore imaginary SFE
Ignore imaginary SFE
Ignore imaginary SFE
Ignore imaginary SFE
Ignore imaginary SFE
Ignore imaginary SFE
Ignore imaginary SFE
Ignore imaginary SFE
Ignore imaginary SFE
Ignore imaginary SFE
Ignore imaginary SFE
Ignore imaginary SFE
Ignore imaginary SFE
Ignore imaginary SFE
Ignore imaginary SFE
Ignore imaginary SFE
Ignore imaginary SFE
Ignore imaginary SFE
Ignore imaginary SFE
Ignore imaginary SFE
Ignore imaginary SFE
Ignore imaginary SFE
Ignore imaginary SFE
Ignore imaginary SFE
Ignore imaginary SFE
Ignore imaginary SFE
Ignore imaginary SFE
Ignore imaginary SFE
Ignore imaginary SFE
Ignore imaginary SFE
Ignore imaginary SFE
Ignore imaginary SFE
Ignore imaginary SFE
Ignore imaginary SFE
Ignore imaginary SFE
Ignore imaginary SFE
Ignore imaginary SFE
Ignore imaginary SFE
Ignore imaginary SFE
Ignore imaginary SFE
Ignore imaginary SFE
Ignore imaginary SFE
Ignore imaginary SFE
Ignore imaginary SFE
Ignore imaginary SFE
Ignore imaginary SFE
Ignore imaginary SFE
Ignore imaginary SFE
Ignore imaginary SFE
Ignore imaginary SFE
Ignore imaginary SFE
Ignore imaginary SFE
Ignore imaginary SFE
Ignore imaginary SFE
Ignore imaginary SFE
Ignore imaginary SFE
Ignore imaginary SFE
Ignore imaginary SFE
Ignore imaginary SFE
Ignore imaginary SFE
Ignore imaginary SFE
Ignore imaginary SFE
Ignore imaginary SFE
Ignore imaginary SFE
Ignore imaginary SFE
Ignore imaginary SFE
Ignore imaginary SFE
Ignore imaginary SFE
Ignore imaginary SFE
Ignore imaginary SFE
Ignore imaginary SFE
Ignore imaginary SFE
Ignore imaginary SFE
Ignore imaginary SFE
Ignore imaginary SFE
Ignore imaginary SFE
Ignore imaginary SFE
Ignore imaginary SFE
Ignore imaginary SFE
Ignore imaginary SFE
Ignore imaginary SFE
Ignore imaginary SFE
Ignore imaginary SFE
Ignore imaginary SFE
Ignore imaginary SFE
Ignore imaginary SFE
Ignore imaginary SFE
Ignore imaginary SFE
Ignore imaginary SFE
Ignore imaginary SFE
Ignore imaginary SFE
Ignore imaginary SFE
Ignore imaginary SFE
Ignore imaginary SFE
Ignore imaginary SFE
Ignore imaginary SFE
Ignore imaginary SFE
Ignore imaginary SFE
Ignore imaginary SFE
Ignore imaginary SFE
Ignore imaginary SFE
Ignore imaginary SFE
Ignore imaginary SFE
Ignore imaginary SFE
Ignore imaginary SFE
Ignore imaginary SFE
Ignore imaginary SFE
Ignore imaginary SFE
Ignore imaginary SFE
Ignore imaginary SFE
Ignore imaginary SFE
Ignore imaginary SFE
Ignore imaginary SFE
Ignore imaginary SFE
Ignore imaginary SFE
Ignore imaginary SFE
Ignore imaginary SFE
Ignore imaginary SFE
Ignore imaginary SFE
Ignore imaginary SFE
Ignore imaginary SFE
Ignore imaginary SFE
Ignore imaginary SFE
Ignore imaginary SFE
Ignore imaginary SFE
Ignore imaginary SFE
Ignore imaginary SFE
Ignore imaginary SFE
Ignore imaginary SFE
Ignore imaginary SFE
Ignore imaginary SFE
Ignore imaginary SFE
Ignore imaginary SFE
Ignore imaginary SFE
Ignore imaginary SFE
Ignore imaginary SFE
Ignore imaginary SFE
Ignore imaginary SFE
Ignore imaginary SFE
Ignore imaginary SFE
Ignore imaginary SFE
Ignore imaginary SFE
Ignore imaginary SFE
Ignore imaginary SFE
Ignore imaginary SFE
Ignore imaginary SFE
Ignore imaginary SFE
Ignore imaginary SFE
Ignore imaginary SFE
Ignore imaginary SFE
Ignore imaginary SFE
Ignore imaginary SFE
Ignore imaginary SFE
Ignore imaginary SFE
Ignore imaginary SFE
Ignore imaginary SFE
Ignore imaginary SFE
Ignore imaginary SFE
Ignore imaginary SFE
Ignore imaginary SFE
Ignore imaginary SFE
Ignore imaginary SFE
Ignore imaginary SFE
Ignore imaginary SFE
Ignore imaginary SFE
Ignore imaginary SFE
Ignore imaginary SFE
Ignore imaginary SFE
Ignore imaginary SFE
Ignore imaginary SFE
Ignore imaginary SFE
Ignore imaginary SFE
Ignore imaginary SFE
Ignore imaginary SFE
Ignore imaginary SFE
Ignore imaginary SFE
Ignore imaginary SFE
Ignore imaginary SFE
Ignore imaginary SFE
Ignore imaginary SFE
Ignore imaginary SFE
Ignore imaginary SFE
Ignore imaginary SFE
Ignore imaginary SFE
Ignore imaginary SFE
Ignore imaginary SFE
Ignore imaginary SFE
Ignore imaginary SFE
Ignore imaginary SFE
Ignore imaginary SFE
Ignore imaginary SFE
Ignore imaginary SFE
Ignore imaginary SFE
Ignore imaginary SFE
Ignore imaginary SFE
Ignore imaginary SFE
Ignore imaginary SFE
Ignore imaginary SFE
Ignore imaginary SFE
Ignore imaginary SFE
Ignore imaginary SFE
Ignore imaginary SFE
Ignore imaginary SFE
Ignore imaginary SFE
Ignore imaginary SFE
Ignore imaginary SFE
Ignore imaginary SFE
Ignore imaginary SFE
Ignore imaginary SFE
Ignore imaginary SFE
Ignore imaginary SFE
Ignore imaginary SFE
Ignore imaginary SFE
Ignore imaginary SFE
Ignore imaginary SFE
Ignore imaginary SFE
Ignore imaginary SFE
Ignore imaginary SFE
Ignore imaginary SFE
Ignore imaginary SFE
Ignore imaginary SFE
Ignore imaginary SFE
Ignore imaginary SFE
Ignore imaginary SFE
Ignore imaginary SFE
Ignore imaginary SFE
Ignore imaginary SFE
Ignore imaginary SFE
Ignore imaginary SFE
Ignore imaginary SFE
Ignore imaginary SFE
Ignore imaginary SFE
Ignore imaginary SFE
Ignore imaginary SFE
Ignore imaginary SFE
Ignore imaginary SFE
Ignore imaginary SFE
Ignore imaginary SFE
Ignore imaginary SFE
Ignore imaginary SFE
Ignore imaginary SFE
Ignore imaginary SFE
Ignore imaginary SFE
Ignore imaginary SFE
Ignore imaginary SFE
Ignore imaginary SFE
Ignore imaginary SFE
Ignore imaginary SFE
Ignore imaginary SFE
Ignore imaginary SFE
Ignore imaginary SFE
Ignore imaginary SFE
Ignore imaginary SFE
Ignore imaginary SFE
Ignore imaginary SFE
Ignore imaginary SFE
Ignore imaginary SFE
Ignore imaginary SFE
Ignore imaginary SFE
Ignore imaginary SFE
Ignore imaginary SFE
Ignore imaginary SFE
Ignore imaginary SFE
Ignore imaginary SFE
Ignore imaginary SFE
Ignore imaginary SFE
Ignore imaginary SFE
Ignore imaginary SFE
Ignore imaginary SFE
Ignore imaginary SFE
Ignore imaginary SFE
Ignore imaginary SFE
Ignore imaginary SFE
Ignore imaginary SFE
Ignore imaginary SFE
Ignore imaginary SFE
Ignore imaginary SFE
Ignore imaginary SFE
Ignore imaginary SFE
Ignore imaginary SFE
Ignore imaginary SFE
Ignore imaginary SFE
Ignore imaginary SFE
Ignore imaginary SFE
Ignore imaginary SFE
Ignore imaginary SFE
Ignore imaginary SFE
Ignore imaginary SFE
Ignore imaginary SFE
Ignore imaginary SFE
Ignore imaginary SFE
Ignore imaginary SFE
Ignore imaginary SFE
Ignore imaginary SFE
Ignore imaginary SFE
Ignore imaginary SFE
Ignore imaginary SFE
Ignore imaginary SFE
Ignore imaginary SFE
Ignore imaginary SFE
Ignore imaginary SFE
Ignore imaginary SFE
Ignore imaginary SFE
Ignore imaginary SFE
Ignore imaginary SFE
Ignore imaginary SFE
Ignore imaginary SFE
Ignore imaginary SFE
Ignore imaginary SFE
Ignore imaginary SFE
Ignore imaginary SFE
Ignore imaginary SFE
Ignore imaginary SFE
Ignore imaginary SFE
Ignore imaginary SFE
Ignore imaginary SFE
Ignore imaginary SFE
Ignore imaginary SFE
Ignore imaginary SFE
Ignore imaginary SFE
Ignore imaginary SFE
Ignore imaginary SFE
Ignore imaginary SFE
Ignore imaginary SFE
Ignore imaginary SFE
Ignore imaginary SFE
Ignore imaginary SFE
Ignore imaginary SFE
Ignore imaginary SFE
Ignore imaginary SFE
Ignore imaginary SFE
Ignore imaginary SFE
Ignore imaginary SFE
Ignore imaginary SFE
Ignore imaginary SFE
Ignore imaginary SFE
Ignore imaginary SFE
Ignore imaginary SFE
Ignore imaginary SFE
Ignore imaginary SFE
Ignore imaginary SFE
Ignore imaginary SFE
Ignore imaginary SFE
Ignore imaginary SFE
Ignore imaginary SFE
Ignore imaginary SFE
Ignore imaginary SFE
Ignore imaginary SFE
Ignore imaginary SFE
Ignore imaginary SFE
Ignore imaginary SFE
Ignore imaginary SFE
Ignore imaginary SFE
Ignore imaginary SFE
Ignore imaginary SFE
Ignore imaginary SFE
Ignore imaginary SFE
Ignore imaginary SFE
Ignore imaginary SFE
Ignore imaginary SFE
Ignore imaginary SFE
Ignore imaginary SFE
Ignore imaginary SFE
Ignore imaginary SFE
Ignore imaginary SFE
Ignore imaginary SFE
Ignore imaginary SFE
Ignore imaginary SFE
Ignore imaginary SFE
Ignore imaginary SFE
Ignore imaginary SFE
Ignore imaginary SFE
Ignore imaginary SFE
Ignore imaginary SFE
Ignore imaginary SFE
Ignore imaginary SFE
Ignore imaginary SFE
Ignore imaginary SFE
Ignore imaginary SFE
Ignore imaginary SFE
Ignore imaginary SFE
Ignore imaginary SFE
Ignore imaginary SFE
Ignore imaginary SFE
Ignore imaginary SFE
Ignore imaginary SFE
Ignore imaginary SFE
Ignore imaginary SFE
Ignore imaginary SFE
Ignore imaginary SFE
Ignore imaginary SFE
Ignore imaginary SFE
Ignore imaginary SFE
Ignore imaginary SFE
Ignore imaginary SFE
Ignore imaginary SFE
Ignore imaginary SFE
Ignore imaginary SFE
Ignore imaginary SFE
Ignore imaginary SFE
Ignore imaginary SFE
Ignore imaginary SFE
Ignore imaginary SFE
Ignore imaginary SFE
Ignore imaginary SFE
Ignore imaginary SFE
Ignore imaginary SFE
Ignore imaginary SFE
Ignore imaginary SFE
Ignore imaginary SFE
Ignore imaginary SFE
Ignore imaginary SFE
Ignore imaginary SFE
Ignore imaginary SFE
Ignore imaginary SFE
Ignore imaginary SFE
Ignore imaginary SFE
Ignore imaginary SFE
Ignore imaginary SFE
Ignore imaginary SFE
Ignore imaginary SFE
Ignore imaginary SFE
Ignore imaginary SFE
Ignore imaginary SFE
Ignore imaginary SFE
Ignore imaginary SFE
Ignore imaginary SFE
Ignore imaginary SFE
Ignore imaginary SFE
Ignore imaginary SFE
Ignore imaginary SFE
Ignore imaginary SFE
Ignore imaginary SFE
Ignore imaginary SFE
Ignore imaginary SFE
Ignore imaginary SFE
Ignore imaginary SFE
Read SFE complete (0.15s)
Read MPCs complete (0.01s)
Process offsets (0.12s)
Write Nas Mats Complete
Write Nas Nodes Complete: 0.41s
Write Nas Elements Complete: 0.27s
Translation Complete
Translation Time: (3.27s)
End Time: 2024-06-23 15:52:32 PM
